  % Total    % Received % Xferd  Average Speed   Time    Time     Time  Current
                                 Dload  Upload   Total   Spent    Left  Speed
  0     0    0     0    0     0      0      0 --:--:-- --:--:-- --:--:--     0*   Trying 107.22.158.169:80...
* TCP_NODELAY set
* Connected to ec2-107-22-158-169.compute-1.amazonaws.com (107.22.158.169) port 80 (#0)
  0     0    0     0    0     0      0      0 --:--:-- --:--:-- --:--:--     0> GET / HTTP/1.1
> Host: ec2-107-22-158-169.compute-1.amazonaws.com
> User-Agent: curl/7.68.0
> Accept: */*
> Cookie: login=eyJsb2duYW1lIjoiYXdkZW9yaW8ifQ.Y0xGxg.Y4EWDhY4mTlCNgzCqbDbIDtDe0k
> 
* Mark bundle as not supporting multiuse
< HTTP/1.1 200 OK
< Server: nginx/1.18.0 (Ubuntu)
< Date: Sun, 16 Oct 2022 18:00:38 GMT
< Content-Type: text/html; charset=utf-8
< Content-Length: 13938
< Connection: keep-alive
< Vary: Cookie
< 
{ [5604 bytes data]
100 13938  100 13938    0     0   160k      0 --:--:-- --:--:-- --:--:--  158k
* Connection #0 to host ec2-107-22-158-169.compute-1.amazonaws.com left intact
